<?xml version="1.0" encoding="UTF-8"?>
<testsuite xmlns:xsi="http://www.w3.org/2001/XMLSchema-instance" xsi:noNamespaceSchemaLocation="https://maven.apache.org/surefire/maven-surefire-plugin/xsd/surefire-test-report-3.0.xsd" version="3.0" name="br.com.devxlabs.ravin.RavinApplicationTests" time="38.779" tests="1" errors="0" skipped="0" failures="0">
  <properties>
[...]
</properties>
  <testcase name="contextLoads" classname="br.com.devxlabs.ravin.RavinApplicationTests" time="1.494">
    <system-out><![CDATA[19:27:51.356 [main] INFO org.springframework.test.context.support.AnnotationConfigContextLoaderUtils -- Could not detect default configuration classes for test class [br.com.devxlabs.ravin.RavinApplicationTests]: RavinApplicationTests does not declare any static, non-private, non-final, nested classes annotated with @Configuration.
19:27:53.125 [main] INFO org.springframework.boot.test.context.SpringBootTestContextBootstrapper -- Found @SpringBootConfiguration br.com.devxlabs.ravin.RavinApplication for test class br.com.devxlabs.ravin.RavinApplicationTests

  .   ____          _            __ _ _
 /\\ / ___'_ __ _ _(_)_ __  __ _ \ \ \ \
( ( )\___ | '_ | '_| | '_ \/ _` | \ \ \ \
 \\/  ___)| |_)| | | | | || (_| |  ) ) ) )
  '  |____| .__|_| |_|_| |_\__, | / / / /
 =========|_|==============|___/=/_/_/_/
 :: Spring Boot ::                (v3.1.2)

2023-08-21T19:27:57.726-03:00  INFO 14024 --- [           main] b.c.d.ravin.RavinApplicationTests        : Starting RavinApplicationTests using Java 17.0.7 with PID 14024 (started by varndt in C:\Users\varndt\Desktop\ravin-java)
2023-08-21T19:27:57.728-03:00  INFO 14024 --- [           main] b.c.d.ravin.RavinApplicationTests        : No active profile set, falling back to 1 default profile: "default"
2023-08-21T19:28:04.766-03:00  INFO 14024 --- [           main] .s.d.r.c.RepositoryConfigurationDelegate : Bootstrapping Spring Data JPA repositories in DEFAULT mode.
2023-08-21T19:28:04.835-03:00  INFO 14024 --- [           main] .s.d.r.c.RepositoryConfigurationDelegate : Finished Spring Data repository scanning in 54 ms. Found 0 JPA repository interfaces.
2023-08-21T19:28:07.577-03:00  INFO 14024 --- [           main] o.f.c.internal.license.VersionPrinter    : Flyway Community Edition 9.16.3 by Redgate
2023-08-21T19:28:07.577-03:00  INFO 14024 --- [           main] o.f.c.internal.license.VersionPrinter    : See release notes here: https://rd.gt/416ObMi
2023-08-21T19:28:07.577-03:00  INFO 14024 --- [           main] o.f.c.internal.license.VersionPrinter    : 
2023-08-21T19:28:07.627-03:00  INFO 14024 --- [           main] com.zaxxer.hikari.HikariDataSource       : HikariPool-1 - Starting...
2023-08-21T19:28:11.008-03:00  INFO 14024 --- [           main] com.zaxxer.hikari.pool.HikariPool        : HikariPool-1 - Added connection conn0: url=jdbc:h2:mem:ravin user=SA
2023-08-21T19:28:11.010-03:00  INFO 14024 --- [           main] com.zaxxer.hikari.HikariDataSource       : HikariPool-1 - Start completed.
2023-08-21T19:28:11.025-03:00  INFO 14024 --- [           main] o.f.c.i.database.base.BaseDatabaseType   : Database: jdbc:h2:mem:ravin (H2 2.1)
2023-08-21T19:28:11.203-03:00  INFO 14024 --- [           main] o.f.c.i.s.JdbcTableSchemaHistory         : Schema history table "PUBLIC"."flyway_schema_history" does not exist yet
2023-08-21T19:28:11.208-03:00  INFO 14024 --- [           main] o.f.core.internal.command.DbValidate     : Successfully validated 1 migration (execution time 00:00.058s)
2023-08-21T19:28:11.218-03:00  INFO 14024 --- [           main] o.f.c.i.s.JdbcTableSchemaHistory         : Creating Schema History table "PUBLIC"."flyway_schema_history" ...
2023-08-21T19:28:11.268-03:00  INFO 14024 --- [           main] o.f.core.internal.command.DbMigrate      : Current version of schema "PUBLIC": << Empty Schema >>
2023-08-21T19:28:11.274-03:00  INFO 14024 --- [           main] o.f.core.internal.command.DbMigrate      : Migrating schema "PUBLIC" to version "1 - create table"
2023-08-21T19:28:11.285-03:00  INFO 14024 --- [           main] o.f.core.internal.command.DbMigrate      : Successfully applied 1 migration to schema "PUBLIC", now at version v1 (execution time 00:00.037s)
2023-08-21T19:28:12.707-03:00  INFO 14024 --- [           main] o.hibernate.jpa.internal.util.LogHelper  : HHH000204: Processing PersistenceUnitInfo [name: default]
2023-08-21T19:28:13.822-03:00  INFO 14024 --- [           main] org.hibernate.Version                    : HHH000412: Hibernate ORM core version 6.2.6.Final
2023-08-21T19:28:13.826-03:00  INFO 14024 --- [           main] org.hibernate.cfg.Environment            : HHH000406: Using bytecode reflection optimizer
2023-08-21T19:28:15.366-03:00  INFO 14024 --- [           main] o.h.b.i.BytecodeProviderInitiator        : HHH000021: Bytecode provider name : bytebuddy
2023-08-21T19:28:16.277-03:00  INFO 14024 --- [           main] o.s.o.j.p.SpringPersistenceUnitInfo      : No LoadTimeWeaver setup: ignoring JPA class transformer
2023-08-21T19:28:20.309-03:00  INFO 14024 --- [           main] o.h.b.i.BytecodeProviderInitiator        : HHH000021: Bytecode provider name : bytebuddy
2023-08-21T19:28:23.718-03:00  INFO 14024 --- [           main] o.h.e.t.j.p.i.JtaPlatformInitiator       : HHH000490: Using JtaPlatform implementation: [org.hibernate.engine.transaction.jta.platform.internal.NoJtaPlatform]
Hibernate: 
    create table person (
        id integer generated by default as identity,
        address varchar(255),
        cpf varchar(255),
        date_of_birth timestamp(6),
        has_active boolean not null,
        name varchar(255) not null,
        observations varchar(255),
        phone varchar(255),
        primary key (id)
    )
Hibernate: 
    create table product (
        id integer generated by default as identity,
        code varchar(255),
        comments varchar(255),
        cost_price float(53) not null,
        created_by varchar(255),
        created_date timestamp(6),
        description varchar(255),
        has_active boolean not null,
        name varchar(255),
        preparation_time varchar(255),
        product_type tinyint check (product_type between 0 and 2),
        sale_price float(53) not null,
        updated_by varchar(255),
        updated_date timestamp(6),
        primary key (id)
    )
Hibernate: 
    alter table if exists person 
       drop constraint if exists UK_p0wr4vfyr2lyifm8avi67mqw5
Hibernate: 
    alter table if exists person 
       add constraint UK_p0wr4vfyr2lyifm8avi67mqw5 unique (name)
Hibernate: 
    alter table if exists product 
       drop constraint if exists UK_jmivyxk9rmgysrmsqw15lqr5b
Hibernate: 
    alter table if exists product 
       add constraint UK_jmivyxk9rmgysrmsqw15lqr5b unique (name)
2023-08-21T19:28:23.887-03:00  INFO 14024 --- [           main] j.LocalContainerEntityManagerFactoryBean : Initialized JPA EntityManagerFactory for persistence unit 'default'
2023-08-21T19:28:25.109-03:00  WARN 14024 --- [           main] JpaBaseConfiguration$JpaWebConfiguration : spring.jpa.open-in-view is enabled by default. Therefore, database queries may be performed during view rendering. Explicitly configure spring.jpa.open-in-view to disable this warning
2023-08-21T19:28:26.527-03:00  INFO 14024 --- [           main] b.c.d.ravin.RavinApplicationTests        : Started RavinApplicationTests in 31.861 seconds (process running for 39.184)
]]></system-out>
  </testcase>
</testsuite>